This is pdfTeX, Version 3.14159265-2.6-1.40.15 (TeX Live 2014) (preloaded format=pdflatex 2014.5.25)  18 MAR 2015 20:15
entering extended mode
 restricted \write18 enabled.
 %&-line parsing enabled.
**hw8.tex -recorder
(./hw8.tex
LaTeX2e <2014/05/01>
Babel <3.9k> and hyphenation patterns for 78 languages loaded.
(/usr/local/texlive/2014/texmf-dist/tex/latex/base/article.cls
Document Class: article 2007/10/19 v1.4h Standard LaTeX document class
(/usr/local/texlive/2014/texmf-dist/tex/latex/base/size10.clo
File: size10.clo 2007/10/19 v1.4h Standard LaTeX file (size option)
)
\c@part=\count79
\c@section=\count80
\c@subsection=\count81
\c@subsubsection=\count82
\c@paragraph=\count83
\c@subparagraph=\count84
\c@figure=\count85
\c@table=\count86
\abovecaptionskip=\skip41
\belowcaptionskip=\skip42
\bibindent=\dimen102
)
(/usr/local/texlive/2014/texmf-dist/tex/latex/geometry/geometry.sty
Package: geometry 2010/09/12 v5.6 Page Geometry

(/usr/local/texlive/2014/texmf-dist/tex/latex/graphics/keyval.sty
Package: keyval 2014/05/08 v1.15 key=value parser (DPC)
\KV@toks@=\toks14
)
(/usr/local/texlive/2014/texmf-dist/tex/generic/oberdiek/ifpdf.sty
Package: ifpdf 2011/01/30 v2.3 Provides the ifpdf switch (HO)
Package ifpdf Info: pdfTeX in PDF mode is detected.
)
(/usr/local/texlive/2014/texmf-dist/tex/generic/oberdiek/ifvtex.sty
Package: ifvtex 2010/03/01 v1.5 Detect VTeX and its facilities (HO)
Package ifvtex Info: VTeX not detected.
)
(/usr/local/texlive/2014/texmf-dist/tex/generic/ifxetex/ifxetex.sty
Package: ifxetex 2010/09/12 v0.6 Provides ifxetex conditional
)
\Gm@cnth=\count87
\Gm@cntv=\count88
\c@Gm@tempcnt=\count89
\Gm@bindingoffset=\dimen103
\Gm@wd@mp=\dimen104
\Gm@odd@mp=\dimen105
\Gm@even@mp=\dimen106
\Gm@layoutwidth=\dimen107
\Gm@layoutheight=\dimen108
\Gm@layouthoffset=\dimen109
\Gm@layoutvoffset=\dimen110
\Gm@dimlist=\toks15
)
(/usr/local/texlive/2014/texmf-dist/tex/latex/setspace/setspace.sty
Package: setspace 2011/12/19 v6.7a set line spacing
)
(/usr/local/texlive/2014/texmf-dist/tex/latex/rotating/rotating.sty
Package: rotating 2009/03/28 v2.16a rotated objects in LaTeX

(/usr/local/texlive/2014/texmf-dist/tex/latex/graphics/graphicx.sty
Package: graphicx 2014/04/25 v1.0g Enhanced LaTeX Graphics (DPC,SPQR)

(/usr/local/texlive/2014/texmf-dist/tex/latex/graphics/graphics.sty
Package: graphics 2009/02/05 v1.0o Standard LaTeX Graphics (DPC,SPQR)

(/usr/local/texlive/2014/texmf-dist/tex/latex/graphics/trig.sty
Package: trig 1999/03/16 v1.09 sin cos tan (DPC)
)
(/usr/local/texlive/2014/texmf-dist/tex/latex/latexconfig/graphics.cfg
File: graphics.cfg 2010/04/23 v1.9 graphics configuration of TeX Live
)
Package graphics Info: Driver file: pdftex.def on input line 91.

(/usr/local/texlive/2014/texmf-dist/tex/latex/pdftex-def/pdftex.def
File: pdftex.def 2011/05/27 v0.06d Graphics/color for pdfTeX

(/usr/local/texlive/2014/texmf-dist/tex/generic/oberdiek/infwarerr.sty
Package: infwarerr 2010/04/08 v1.3 Providing info/warning/error messages (HO)
)
(/usr/local/texlive/2014/texmf-dist/tex/generic/oberdiek/ltxcmds.sty
Package: ltxcmds 2011/11/09 v1.22 LaTeX kernel commands for general use (HO)
)
\Gread@gobject=\count90
))
\Gin@req@height=\dimen111
\Gin@req@width=\dimen112
)
(/usr/local/texlive/2014/texmf-dist/tex/latex/base/ifthen.sty
Package: ifthen 2001/05/26 v1.1c Standard LaTeX ifthen package (DPC)
)
\c@r@tfl@t=\count91
\rotFPtop=\skip43
\rotFPbot=\skip44
\rot@float@box=\box26
\rot@mess@toks=\toks16
)
(/usr/local/texlive/2014/texmf-dist/tex/latex/fancyhdr/fancyhdr.sty
\fancy@headwidth=\skip45
\f@ncyO@elh=\skip46
\f@ncyO@erh=\skip47
\f@ncyO@olh=\skip48
\f@ncyO@orh=\skip49
\f@ncyO@elf=\skip50
\f@ncyO@erf=\skip51
\f@ncyO@olf=\skip52
\f@ncyO@orf=\skip53
)
(/usr/local/texlive/2014/texmf-dist/tex/latex/parallel/parallel.sty
Package: parallel 2003/04/13, setting two texts parallel (me)

`parallel': setting two texts parallel, (beta 4) 2003/04/13.
\ParallelLWidth=\dimen113
\ParallelRWidth=\dimen114
\ParallelTextWidth=\dimen115
\ParallelLeftMargin=\dimen116
\ParallelUserMidSkip=\dimen117
\ParallelMainMidSkip=\dimen118
\ParallelLBox=\box27
\ParallelRBox=\box28
\ParallelBoxVar=\box29
\ParallelLTok=\box30
\ParallelRTok=\box31
\ParallelBoolVar=\count92
\ParallelBoolMid=\count93
\ParallelWhichBox=\count94
\ParallelMainMode=\count95
\ParallelFNMode=\count96
\ParallelLFNCounter=\count97
\ParallelRFNCounter=\count98
\ParallelMaxFN=\count99
\ParallelFNNumMode=\count100
)
(/usr/local/texlive/2014/texmf-dist/tex/latex/sauerj/parcolumns.sty
Package: parcolumns 2004/11/25 v1.2 Typeset multiple parallel columns

(/usr/local/texlive/2014/texmf-dist/tex/latex/sauerj/processkv.sty
Package: processkv 2004/08/09 v1.0.1 process key=value lists
)
\pc@columnctr=\count101
\pc@columncount=\count102
\pc@everypar=\toks17
)
(/usr/local/texlive/2014/texmf-dist/tex/latex/tools/array.sty
Package: array 2008/09/09 v2.4c Tabular extension package (FMi)
\col@sep=\dimen119
\extrarowheight=\dimen120
\NC@list=\toks18
\extratabsurround=\skip54
\backup@length=\skip55
)
(/usr/local/texlive/2014/texmf-dist/tex/latex/amsmath/amsmath.sty
Package: amsmath 2013/01/14 v2.14 AMS math features
\@mathmargin=\skip56

For additional information on amsmath, use the `?' option.
(/usr/local/texlive/2014/texmf-dist/tex/latex/amsmath/amstext.sty
Package: amstext 2000/06/29 v2.01

(/usr/local/texlive/2014/texmf-dist/tex/latex/amsmath/amsgen.sty
File: amsgen.sty 1999/11/30 v2.0
\@emptytoks=\toks19
\ex@=\dimen121
))
(/usr/local/texlive/2014/texmf-dist/tex/latex/amsmath/amsbsy.sty
Package: amsbsy 1999/11/29 v1.2d
\pmbraise@=\dimen122
)
(/usr/local/texlive/2014/texmf-dist/tex/latex/amsmath/amsopn.sty
Package: amsopn 1999/12/14 v2.01 operator names
)
\inf@bad=\count103
LaTeX Info: Redefining \frac on input line 210.
\uproot@=\count104
\leftroot@=\count105
LaTeX Info: Redefining \overline on input line 306.
\classnum@=\count106
\DOTSCASE@=\count107
LaTeX Info: Redefining \ldots on input line 378.
LaTeX Info: Redefining \dots on input line 381.
LaTeX Info: Redefining \cdots on input line 466.
\Mathstrutbox@=\box32
\strutbox@=\box33
\big@size=\dimen123
LaTeX Font Info:    Redeclaring font encoding OML on input line 566.
LaTeX Font Info:    Redeclaring font encoding OMS on input line 567.
\macc@depth=\count108
\c@MaxMatrixCols=\count109
\dotsspace@=\muskip10
\c@parentequation=\count110
\dspbrk@lvl=\count111
\tag@help=\toks20
\row@=\count112
\column@=\count113
\maxfields@=\count114
\andhelp@=\toks21
\eqnshift@=\dimen124
\alignsep@=\dimen125
\tagshift@=\dimen126
\tagwidth@=\dimen127
\totwidth@=\dimen128
\lineht@=\dimen129
\@envbody=\toks22
\multlinegap=\skip57
\multlinetaggap=\skip58
\mathdisplay@stack=\toks23
LaTeX Info: Redefining \[ on input line 2665.
LaTeX Info: Redefining \] on input line 2666.
)
(/usr/local/texlive/2014/texmf-dist/tex/latex/amsfonts/amssymb.sty
Package: amssymb 2013/01/14 v3.01 AMS font symbols

(/usr/local/texlive/2014/texmf-dist/tex/latex/amsfonts/amsfonts.sty
Package: amsfonts 2013/01/14 v3.01 Basic AMSFonts support
\symAMSa=\mathgroup4
\symAMSb=\mathgroup5
LaTeX Font Info:    Overwriting math alphabet `\mathfrak' in version `bold'
(Font)                  U/euf/m/n --> U/euf/b/n on input line 106.
))
(/usr/local/texlive/2014/texmf-dist/tex/latex/relsize/relsize.sty
Package: relsize 2013/03/29 ver 4.1
)
(/usr/local/texlive/2014/texmf-dist/tex/latex/tools/verbatim.sty
Package: verbatim 2003/08/22 v1.5q LaTeX2e package for verbatim enhancements
\every@verbatim=\toks24
\verbatim@line=\toks25
\verbatim@in@stream=\read1
)
(/usr/local/texlive/2014/texmf-dist/tex/latex/placeins/placeins.sty
Package: placeins 2005/04/18  v 2.2
)
(/usr/local/texlive/2014/texmf-dist/tex/latex/tools/tabularx.sty
Package: tabularx 2014/05/13 v2.10 `tabularx' package (DPC)
\TX@col@width=\dimen130
\TX@old@table=\dimen131
\TX@old@col=\dimen132
\TX@target=\dimen133
\TX@delta=\dimen134
\TX@cols=\count115
\TX@ftn=\toks26
)
(/usr/local/texlive/2014/texmf-dist/tex/latex/booktabs/booktabs.sty
Package: booktabs 2005/04/14 v1.61803 publication quality tables
\heavyrulewidth=\dimen135
\lightrulewidth=\dimen136
\cmidrulewidth=\dimen137
\belowrulesep=\dimen138
\belowbottomsep=\dimen139
\aboverulesep=\dimen140
\abovetopsep=\dimen141
\cmidrulesep=\dimen142
\cmidrulekern=\dimen143
\defaultaddspace=\dimen144
\@cmidla=\count116
\@cmidlb=\count117
\@aboverulesep=\dimen145
\@belowrulesep=\dimen146
\@thisruleclass=\count118
\@lastruleclass=\count119
\@thisrulewidth=\dimen147
)
(/usr/local/texlive/2014/texmf-dist/tex/latex/tools/multicol.sty
Package: multicol 2014/04/23 v1.8e multicolumn formatting (FMi)
\c@tracingmulticols=\count120
\mult@box=\box34
\multicol@leftmargin=\dimen148
\c@unbalance=\count121
\c@collectmore=\count122
\doublecol@number=\count123
\multicoltolerance=\count124
\multicolpretolerance=\count125
\full@width=\dimen149
\page@free=\dimen150
\premulticols=\dimen151
\postmulticols=\dimen152
\multicolsep=\skip59
\multicolbaselineskip=\skip60
\partial@page=\box35
\last@line=\box36
\maxbalancingoverflow=\dimen153
\mult@rightbox=\box37
\mult@grightbox=\box38
\mult@gfirstbox=\box39
\mult@firstbox=\box40
\@tempa=\box41
\@tempa=\box42
\@tempa=\box43
\@tempa=\box44
\@tempa=\box45
\@tempa=\box46
\@tempa=\box47
\@tempa=\box48
\@tempa=\box49
\@tempa=\box50
\@tempa=\box51
\@tempa=\box52
\@tempa=\box53
\@tempa=\box54
\@tempa=\box55
\@tempa=\box56
\@tempa=\box57
\c@columnbadness=\count126
\c@finalcolumnbadness=\count127
\last@try=\dimen154
\multicolovershoot=\dimen155
\multicolundershoot=\dimen156
\mult@nat@firstbox=\box58
\colbreak@box=\box59
\mc@col@check@num=\count128
)
(/usr/local/texlive/2014/texmf-dist/tex/latex/multirow/multirow.sty
\bigstrutjot=\dimen157
)
(/usr/local/texlive/2014/texmf-dist/tex/latex/tools/longtable.sty
Package: longtable 2004/02/01 v4.11 Multi-page Table package (DPC)
\LTleft=\skip61
\LTright=\skip62
\LTpre=\skip63
\LTpost=\skip64
\LTchunksize=\count129
\LTcapwidth=\dimen158
\LT@head=\box60
\LT@firsthead=\box61
\LT@foot=\box62
\LT@lastfoot=\box63
\LT@cols=\count130
\LT@rows=\count131
\c@LT@tables=\count132
\c@LT@chunks=\count133
\LT@p@ftn=\toks27
)
(/usr/local/texlive/2014/texmf-dist/tex/latex/siunitx/siunitx.sty
(/usr/local/texlive/2014/texmf-dist/tex/latex/l3kernel/expl3.sty
Package: expl3 2014/05/20 v4814 L3 programming layer (loader) 

(/usr/local/texlive/2014/texmf-dist/tex/latex/l3kernel/expl3-code.tex
Package: expl3 2014/05/20 v4814 L3 programming layer (code) 
L3 Module: l3bootstrap 2014/05/16 v4782 L3 Bootstrap code

(/usr/local/texlive/2014/texmf-dist/tex/latex/etex-pkg/etex.sty
Package: etex 1998/03/26 v2.0 eTeX basic definition package (PEB)
\et@xins=\count134
)
L3 Module: l3names 2014/05/04 v4728 L3 Namespace for primitives
L3 Module: l3basics 2014/05/04 v4728 L3 Basic definitions
L3 Module: l3expan 2014/04/30 v4712 L3 Argument expansion
L3 Module: l3tl 2014/05/04 v4728 L3 Token lists
L3 Module: l3seq 2014/04/30 v4712 L3 Sequences and stacks
L3 Module: l3int 2014/05/16 v4776 L3 Integers
\c_max_int=\count135
\l_tmpa_int=\count136
\l_tmpb_int=\count137
\g_tmpa_int=\count138
\g_tmpb_int=\count139
L3 Module: l3quark 2014/05/04 v4728 L3 Quarks
L3 Module: l3prg 2014/05/04 v4728 L3 Control structures
\g__prg_map_int=\count140
L3 Module: l3clist 2014/05/04 v4728 L3 Comma separated lists
L3 Module: l3token 2014/05/04 v4728 L3 Experimental token manipulation
L3 Module: l3prop 2014/04/30 v4712 L3 Property lists
L3 Module: l3msg 2014/05/04 v4728 L3 Messages
L3 Module: l3file 2014/05/05 v4737 L3 File and I/O operations
\l_iow_line_count_int=\count141
\l__iow_target_count_int=\count142
\l__iow_current_line_int=\count143
\l__iow_current_word_int=\count144
\l__iow_current_indentation_int=\count145
L3 Module: l3skip 2014/05/05 v4738 L3 Dimensions and skips
\c_zero_dim=\dimen159
\c_max_dim=\dimen160
\l_tmpa_dim=\dimen161
\l_tmpb_dim=\dimen162
\g_tmpa_dim=\dimen163
\g_tmpb_dim=\dimen164
\c_zero_skip=\skip65
\c_max_skip=\skip66
\l_tmpa_skip=\skip67
\l_tmpb_skip=\skip68
\g_tmpa_skip=\skip69
\g_tmpb_skip=\skip70
\c_zero_muskip=\muskip11
\c_max_muskip=\muskip12
\l_tmpa_muskip=\muskip13
\l_tmpb_muskip=\muskip14
\g_tmpa_muskip=\muskip15
\g_tmpb_muskip=\muskip16
L3 Module: l3keys 2014/05/08 v4753 L3 Key-value interfaces
\g__keyval_level_int=\count146
\l_keys_choice_int=\count147
L3 Module: l3fp 2014/04/30 v4712 L3 Floating points
\c__fp_leading_shift_int=\count148
\c__fp_middle_shift_int=\count149
\c__fp_trailing_shift_int=\count150
\c__fp_big_leading_shift_int=\count151
\c__fp_big_middle_shift_int=\count152
\c__fp_big_trailing_shift_int=\count153
\c__fp_Bigg_leading_shift_int=\count154
\c__fp_Bigg_middle_shift_int=\count155
\c__fp_Bigg_trailing_shift_int=\count156
L3 Module: l3box 2014/05/04 v4728 L3 Experimental boxes
\c_empty_box=\box64
\l_tmpa_box=\box65
\l_tmpb_box=\box66
\g_tmpa_box=\box67
\g_tmpb_box=\box68
L3 Module: l3coffins 2014/05/04 v4728 L3 Coffin code layer
\l__coffin_internal_box=\box69
\l__coffin_internal_dim=\dimen165
\l__coffin_offset_x_dim=\dimen166
\l__coffin_offset_y_dim=\dimen167
\l__coffin_x_dim=\dimen168
\l__coffin_y_dim=\dimen169
\l__coffin_x_prime_dim=\dimen170
\l__coffin_y_prime_dim=\dimen171
\c_empty_coffin=\box70
\l__coffin_aligned_coffin=\box71
\l__coffin_aligned_internal_coffin=\box72
\l_tmpa_coffin=\box73
\l_tmpb_coffin=\box74
\l__coffin_display_coffin=\box75
\l__coffin_display_coord_coffin=\box76
\l__coffin_display_pole_coffin=\box77
\l__coffin_display_offset_dim=\dimen172
\l__coffin_display_x_dim=\dimen173
\l__coffin_display_y_dim=\dimen174
L3 Module: l3color 2014/04/30 v4712 L3 Experimental color support
L3 Module: l3luatex 2014/04/30 v4712 L3 Experimental LuaTeX-specific functions
\g__cctab_allocate_int=\count157
\g__cctab_stack_int=\count158
L3 Module: l3candidates 2014/05/04 v4734 L3 Experimental additions to l3kernel
\l__box_top_dim=\dimen175
\l__box_bottom_dim=\dimen176
\l__box_left_dim=\dimen177
\l__box_right_dim=\dimen178
\l__box_top_new_dim=\dimen179
\l__box_bottom_new_dim=\dimen180
\l__box_left_new_dim=\dimen181
\l__box_right_new_dim=\dimen182
\l__box_internal_box=\box78
\l__coffin_bounding_shift_dim=\dimen183
\l__coffin_left_corner_dim=\dimen184
\l__coffin_right_corner_dim=\dimen185
\l__coffin_bottom_corner_dim=\dimen186
\l__coffin_top_corner_dim=\dimen187
\l__coffin_scaled_total_height_dim=\dimen188
\l__coffin_scaled_width_dim=\dimen189
))
(/usr/local/texlive/2014/texmf-dist/tex/latex/l3packages/xparse/xparse.sty
Package: xparse 2014/05/05 v4740 L3 Experimental document command parser
\l__xparse_current_arg_int=\count159
\l__xparse_m_args_int=\count160
\l__xparse_mandatory_args_int=\count161
\l__xparse_processor_int=\count162
\l__xparse_v_nesting_int=\count163
)
Package: siunitx 2013/07/31 v2.5s A comprehensive (SI) units package

(/usr/local/texlive/2014/texmf-dist/tex/latex/l3packages/l3keys2e/l3keys2e.sty
Package: l3keys2e 2014/05/05 v4740 LaTeX2e option processing using LaTeX3 keys
)
Variant \tl_if_blank:VTF already defined; not changing it on line 50
\l__siunitx_tmp_box=\box79
\l__siunitx_tmp_dim=\dimen190
\l__siunitx_tmp_int=\count164
Variant \prop_get:NVNT already defined; not changing it on line 371
Variant \prop_get:NVNF already defined; not changing it on line 372
Variant \prop_get:NVNTF already defined; not changing it on line 373
\l__siunitx_number_mantissa_length_int=\count165
\l__siunitx_number_uncert_length_int=\count166
\l__siunitx_round_int=\count167
\l__siunitx_process_decimal_int=\count168
\l__siunitx_process_uncertainty_int=\count169
\l__siunitx_process_fixed_int=\count170
\l__siunitx_process_integer_min_int=\count171
\l__siunitx_process_precision_int=\count172
\l__siunitx_group_min_int=\count173
\l__siunitx_angle_marker_box=\box80
\l__siunitx_angle_unit_box=\box81
\l__siunitx_angle_marker_dim=\dimen191
\l__siunitx_angle_unit_dim=\dimen192
\l__siunitx_unit_int=\count174
\l__siunitx_unit_denominator_int=\count175
\l__siunitx_unit_numerator_int=\count176
\l__siunitx_unit_prefix_int=\count177
\l__siunitx_unit_prefix_base_int=\count178
\l__siunitx_unit_prefix_gram_int=\count179
\l__siunitx_number_product_int=\count180
\c__siunitx_one_fill_skip=\skip71
\l__siunitx_table_unit_align_skip=\skip72
\l__siunitx_table_exponent_dim=\dimen193
\l__siunitx_table_integer_dim=\dimen194
\l__siunitx_table_mantissa_dim=\dimen195
\l__siunitx_table_marker_dim=\dimen196
\l__siunitx_table_result_dim=\dimen197
\l__siunitx_table_uncert_dim=\dimen198
\l__siunitx_table_fill_pre_dim=\dimen199
\l__siunitx_table_fill_post_dim=\dimen200
\l__siunitx_table_fill_mid_dim=\dimen201
\l__siunitx_table_pre_box=\box82
\l__siunitx_table_post_box=\box83
\l__siunitx_table_mantissa_box=\box84
\l__siunitx_table_result_box=\box85
\l__siunitx_table_number_align_skip=\skip73
\l__siunitx_table_text_align_skip=\skip74
.................................................
. LaTeX info: "xparse/define-command"
. 
. Defining document command \DeclareBinaryPrefix with arg. spec. 'mmm' on line
. 7101.
.................................................
.................................................
. LaTeX info: "xparse/define-command"
. 
. Defining document command \DeclareSIPostPower with arg. spec. 'mm' on line
. 7104.
.................................................
.................................................
. LaTeX info: "xparse/define-command"
. 
. Defining document command \DeclareSIPrefix with arg. spec. 'mmm' on line
. 7107.
.................................................
.................................................
. LaTeX info: "xparse/define-command"
. 
. Defining document command \DeclareSIPrePower with arg. spec. 'mm' on line
. 7110.
.................................................
.................................................
. LaTeX info: "xparse/define-command"
. 
. Defining document command \DeclareSIQualifier with arg. spec. 'mm' on line
. 7113.
.................................................
.................................................
. LaTeX info: "xparse/define-command"
. 
. Defining document command \DeclareSIUnit with arg. spec. 'O{}mm' on line
. 7116.
.................................................
.................................................
. LaTeX info: "xparse/define-command"
. 
. Defining document command \DeclareSIUnitWithOptions with arg. spec. 'mmm' on
. line 7119.
.................................................
.................................................
. LaTeX info: "xparse/define-command"
. 
. Defining document command \ang with arg. spec. 'o>{\SplitArgument {2}{;}}m'
. on line 7134.
.................................................
.................................................
. LaTeX info: "xparse/define-command"
. 
. Defining document command \num with arg. spec. 'om' on line 7142.
.................................................
.................................................
. LaTeX info: "xparse/define-command"
. 
. Defining document command \numlist with arg. spec. 'o>{\SplitList {;}}m' on
. line 7150.
.................................................
.................................................
. LaTeX info: "xparse/define-command"
. 
. Defining document command \numrange with arg. spec. 'omm' on line 7158.
.................................................
.................................................
. LaTeX info: "xparse/define-command"
. 
. Defining document command \SIlist with arg. spec. 'o>{\SplitList {;}}mm' on
. line 7169.
.................................................
.................................................
. LaTeX info: "xparse/define-command"
. 
. Defining document command \SIrange with arg. spec. 'ommm' on line 7180.
.................................................
.................................................
. LaTeX info: "xparse/define-command"
. 
. Defining document command \SI with arg. spec. 'omom' on line 7191.
.................................................
.................................................
. LaTeX info: "xparse/define-command"
. 
. Defining document command \sisetup with arg. spec. 'm' on line 7194.
.................................................
.................................................
. LaTeX info: "xparse/define-command"
. 
. Defining document command \tablenum with arg. spec. 'om' on line 7206.
.................................................
.................................................
. LaTeX info: "xparse/define-command"
. 
. Defining document command \si with arg. spec. 'om' on line 7217.
.................................................
.................................................
. LaTeX info: "xparse/define-command"
. 
. Defining document command \__siunitx_bookmark_num:w with arg. spec. 'om' on
. line 7262.
.................................................
.................................................
. LaTeX info: "xparse/define-command"
. 
. Defining document command \__siunitx_bookmark_numrange:w with arg. spec.
. 'omm' on line 7264.
.................................................
.................................................
. LaTeX info: "xparse/define-command"
. 
. Defining document command \__siunitx_bookmark_SI:w with arg. spec. 'omom' on
. line 7266.
.................................................
.................................................
. LaTeX info: "xparse/define-command"
. 
. Defining document command \__siunitx_bookmark_SIlist:w with arg. spec. 'omm'
. on line 7268.
.................................................
.................................................
. LaTeX info: "xparse/define-command"
. 
. Defining document command \__siunitx_bookmark_SIrange:w with arg. spec.
. 'ommm' on line 7270.
.................................................
.................................................
. LaTeX info: "xparse/define-command"
. 
. Defining document command \__siunitx_bookmark_si:w with arg. spec. 'om' on
. line 7271.
.................................................
\g__file_internal_ior=\read2
(/usr/local/texlive/2014/texmf-dist/tex/latex/beamer/translator/translator.sty
Package: translator 2010/06/12 ver 1.10

(/usr/local/texlive/2014/texmf-dist/tex/latex/beamer/translator/translator-lang
uage-mappings.tex))
*************************************************
* siunitx warning: "version-1-option"
* 
* Version 1 option 'decimalsymbol' detected.
*************************************************

(/usr/local/texlive/2014/texmf-dist/tex/latex/siunitx/config/siunitx-version-1.
cfg
File: siunitx-version-1.cfg 2013/07/31 v2.5s siunitx: Version 1 settings
.................................................
. LaTeX info: "xparse/define-command"
. 
. Defining document command \newpower with arg. spec. 'omm' on line 636.
.................................................
.................................................
. LaTeX info: "xparse/define-command"
. 
. Defining document command \renewpower with arg. spec. 'omm' on line 641.
.................................................
.................................................
. LaTeX info: "xparse/define-command"
. 
. Defining document command \providepower with arg. spec. 'omm' on line 646.
.................................................
.................................................
. LaTeX info: "xparse/define-command"
. 
. Defining document command \newprefix with arg. spec. 'ommm' on line 651.
.................................................
.................................................
. LaTeX info: "xparse/define-command"
. 
. Defining document command \renewprefix with arg. spec. 'ommm' on line 656.
.................................................
.................................................
. LaTeX info: "xparse/define-command"
. 
. Defining document command \provideprefix with arg. spec. 'ommm' on line 661.
.................................................
.................................................
. LaTeX info: "xparse/define-command"
. 
. Defining document command \newqualifier with arg. spec. 'mm' on line 664.
.................................................
.................................................
. LaTeX info: "xparse/define-command"
. 
. Defining document command \requiresiconfigs with arg. spec. 'm' on line 732.
.................................................
)) (/usr/local/texlive/2014/texmf-dist/tex/latex/caption/caption.sty
Package: caption 2013/05/02 v3.3-89 Customizing captions (AR)

(/usr/local/texlive/2014/texmf-dist/tex/latex/caption/caption3.sty
Package: caption3 2013/05/02 v1.6-88 caption3 kernel (AR)
Package caption3 Info: TeX engine: e-TeX on input line 57.
Normal \dimen register pool exhausted, switching to extended pool.
\captionmargin=\dimen256
\captionmargin@=\dimen257
\captionwidth=\dimen258
\caption@tempdima=\dimen259
\caption@indent=\dimen260
\caption@parindent=\dimen261
\caption@hangindent=\dimen262
)
\c@ContinuedFloat=\count181
Package caption Info: longtable package is loaded.

(/usr/local/texlive/2014/texmf-dist/tex/latex/caption/ltcaption.sty
Package: ltcaption 2013/02/03 v1.3-62 longtable captions (AR)
)
Package caption Info: rotating package is loaded.
)
(/usr/local/texlive/2014/texmf-dist/tex/latex/natbib/natbib.sty
Package: natbib 2010/09/13 8.31b (PWD, AO)
\bibhang=\skip75
\bibsep=\skip76
LaTeX Info: Redefining \cite on input line 694.
\c@NAT@ctr=\count182
)
(/usr/local/texlive/2014/texmf-dist/tex/latex/footmisc/footmisc.sty
Package: footmisc 2011/06/06 v5.5b a miscellany of footnote facilities
\FN@temptoken=\toks28
\footnotemargin=\dimen263


LaTeX Warning: Command \@makecol  has changed.
               Check if current package is valid.

\c@pp@next@reset=\count183
Package footmisc Info: Declaring symbol style bringhurst on input line 855.
Package footmisc Info: Declaring symbol style chicago on input line 863.
Package footmisc Info: Declaring symbol style wiley on input line 872.
Package footmisc Info: Declaring symbol style lamport-robust on input line 883.

Package footmisc Info: Declaring symbol style lamport* on input line 903.
Package footmisc Info: Declaring symbol style lamport*-robust on input line 924
.
) (/usr/local/texlive/2014/texmf-dist/tex/latex/tools/enumerate.sty
Package: enumerate 1999/03/05 v3.00 enumerate extensions (DPC)
\@enLab=\toks29
)
(/usr/local/texlive/2014/texmf-dist/tex/latex/paralist/paralist.sty
Package: paralist 2013/06/09 v2.4 Extended list environments
\pltopsep=\skip77
\plpartopsep=\skip78
\plitemsep=\skip79
\plparsep=\skip80
\pl@lab=\toks30
)
(/usr/local/texlive/2014/texmf-dist/tex/latex/xcolor/xcolor.sty
Package: xcolor 2007/01/21 v2.11 LaTeX color extensions (UK)

(/usr/local/texlive/2014/texmf-dist/tex/latex/latexconfig/color.cfg
File: color.cfg 2007/01/18 v1.5 color configuration of teTeX/TeXLive
)
Package xcolor Info: Driver file: pdftex.def on input line 225.
Package xcolor Info: Model `cmy' substituted by `cmy0' on input line 1337.
Package xcolor Info: Model `hsb' substituted by `rgb' on input line 1341.
Package xcolor Info: Model `RGB' extended on input line 1353.
Package xcolor Info: Model `HTML' substituted by `rgb' on input line 1355.
Package xcolor Info: Model `Hsb' substituted by `hsb' on input line 1356.
Package xcolor Info: Model `tHsb' substituted by `hsb' on input line 1357.
Package xcolor Info: Model `HSB' substituted by `hsb' on input line 1358.
Package xcolor Info: Model `Gray' substituted by `gray' on input line 1359.
Package xcolor Info: Model `wave' substituted by `hsb' on input line 1360.

(/usr/local/texlive/2014/texmf-dist/tex/latex/xcolor/x11nam.def
File: x11nam.def 2007/01/21 v2.11 Predefined colors according to Unix/X11 (UK)
))
(/usr/local/texlive/2014/texmf-dist/tex/latex/hyperref/hyperref.sty
Package: hyperref 2012/11/06 v6.83m Hypertext links for LaTeX

(/usr/local/texlive/2014/texmf-dist/tex/generic/oberdiek/hobsub-hyperref.sty
Package: hobsub-hyperref 2012/05/28 v1.13 Bundle oberdiek, subset hyperref (HO)


(/usr/local/texlive/2014/texmf-dist/tex/generic/oberdiek/hobsub-generic.sty
Package: hobsub-generic 2012/05/28 v1.13 Bundle oberdiek, subset generic (HO)
Package: hobsub 2012/05/28 v1.13 Construct package bundles (HO)
Package hobsub Info: Skipping package `infwarerr' (already loaded).
Package hobsub Info: Skipping package `ltxcmds' (already loaded).
Package: ifluatex 2010/03/01 v1.3 Provides the ifluatex switch (HO)
Package ifluatex Info: LuaTeX not detected.
Package hobsub Info: Skipping package `ifvtex' (already loaded).
Package: intcalc 2007/09/27 v1.1 Expandable calculations with integers (HO)
Package hobsub Info: Skipping package `ifpdf' (already loaded).
Package: etexcmds 2011/02/16 v1.5 Avoid name clashes with e-TeX commands (HO)
Package etexcmds Info: Could not find \expanded.
(etexcmds)             That can mean that you are not using pdfTeX 1.50 or
(etexcmds)             that some package has redefined \expanded.
(etexcmds)             In the latter case, load this package earlier.
Package: kvsetkeys 2012/04/25 v1.16 Key value parser (HO)
Package: kvdefinekeys 2011/04/07 v1.3 Define keys (HO)
Package: pdftexcmds 2011/11/29 v0.20 Utility functions of pdfTeX for LuaTeX (HO
)
Package pdftexcmds Info: LuaTeX not detected.
Package pdftexcmds Info: \pdf@primitive is available.
Package pdftexcmds Info: \pdf@ifprimitive is available.
Package pdftexcmds Info: \pdfdraftmode found.
Package: pdfescape 2011/11/25 v1.13 Implements pdfTeX's escape features (HO)
Package: bigintcalc 2012/04/08 v1.3 Expandable calculations on big integers (HO
)
Package: bitset 2011/01/30 v1.1 Handle bit-vector datatype (HO)
Package: uniquecounter 2011/01/30 v1.2 Provide unlimited unique counter (HO)
)
Package hobsub Info: Skipping package `hobsub' (already loaded).
Package: letltxmacro 2010/09/02 v1.4 Let assignment for LaTeX macros (HO)
Package: hopatch 2012/05/28 v1.2 Wrapper for package hooks (HO)
Package: xcolor-patch 2011/01/30 xcolor patch
Package: atveryend 2011/06/30 v1.8 Hooks at the very end of document (HO)
Package atveryend Info: \enddocument detected (standard20110627).
Package: atbegshi 2011/10/05 v1.16 At begin shipout hook (HO)
Package: refcount 2011/10/16 v3.4 Data extraction from label references (HO)
Package: hycolor 2011/01/30 v1.7 Color options for hyperref/bookmark (HO)
)
(/usr/local/texlive/2014/texmf-dist/tex/latex/oberdiek/auxhook.sty
Package: auxhook 2011/03/04 v1.3 Hooks for auxiliary files (HO)
)
(/usr/local/texlive/2014/texmf-dist/tex/latex/oberdiek/kvoptions.sty
Package: kvoptions 2011/06/30 v3.11 Key value format for package options (HO)
)
\@linkdim=\dimen264
\Hy@linkcounter=\count184
\Hy@pagecounter=\count185

(/usr/local/texlive/2014/texmf-dist/tex/latex/hyperref/pd1enc.def
File: pd1enc.def 2012/11/06 v6.83m Hyperref: PDFDocEncoding definition (HO)
)
\Hy@SavedSpaceFactor=\count186

(/usr/local/texlive/2014/texmf-dist/tex/latex/latexconfig/hyperref.cfg
File: hyperref.cfg 2002/06/06 v1.2 hyperref configuration of TeXLive
)
Package hyperref Info: Hyper figures OFF on input line 4443.
Package hyperref Info: Link nesting OFF on input line 4448.
Package hyperref Info: Hyper index ON on input line 4451.
Package hyperref Info: Plain pages OFF on input line 4458.
Package hyperref Info: Backreferencing OFF on input line 4463.
Package hyperref Info: Implicit mode ON; LaTeX internals redefined.
Package hyperref Info: Bookmarks ON on input line 4688.
\c@Hy@tempcnt=\count187

(/usr/local/texlive/2014/texmf-dist/tex/latex/url/url.sty
\Urlmuskip=\muskip17
Package: url 2013/09/16  ver 3.4  Verb mode for urls, etc.
)
LaTeX Info: Redefining \url on input line 5041.
\XeTeXLinkMargin=\dimen265
\Fld@menulength=\count188
\Field@Width=\dimen266
\Fld@charsize=\dimen267
Package hyperref Info: Hyper figures OFF on input line 6295.
Package hyperref Info: Link nesting OFF on input line 6300.
Package hyperref Info: Hyper index ON on input line 6303.
Package hyperref Info: backreferencing OFF on input line 6310.
Package hyperref Info: Link coloring OFF on input line 6315.
Package hyperref Info: Link coloring with OCG OFF on input line 6320.
Package hyperref Info: PDF/A mode OFF on input line 6325.
LaTeX Info: Redefining \ref on input line 6365.
LaTeX Info: Redefining \pageref on input line 6369.
\Hy@abspage=\count189
\c@Item=\count190
\c@Hfootnote=\count191
)

Package hyperref Message: Driver: hpdftex.

(/usr/local/texlive/2014/texmf-dist/tex/latex/hyperref/hpdftex.def
File: hpdftex.def 2012/11/06 v6.83m Hyperref driver for pdfTeX
\Fld@listcount=\count192
\c@bookmark@seq@number=\count193

(/usr/local/texlive/2014/texmf-dist/tex/latex/oberdiek/rerunfilecheck.sty
Package: rerunfilecheck 2011/04/15 v1.7 Rerun checks for auxiliary files (HO)
Package uniquecounter Info: New unique counter `rerunfilecheck' on input line 2
82.
)
\Hy@SectionHShift=\skip81
)
(/usr/local/texlive/2014/texmf-dist/tex/latex/subfig/subfig.sty
Package: subfig 2005/06/28 ver: 1.3 subfig package
\c@KVtest=\count194
\sf@farskip=\skip82
\sf@captopadj=\dimen268
\sf@capskip=\skip83
\sf@nearskip=\skip84
\c@subfigure=\count195
\c@subfigure@save=\count196
\c@lofdepth=\count197
\c@subtable=\count198
\c@subtable@save=\count199
\c@lotdepth=\count200
\sf@top=\skip85
\sf@bottom=\skip86
)
(/usr/local/texlive/2014/texmf-dist/tex/latex/oberdiek/grffile.sty
Package: grffile 2012/04/05 v1.16 Extended file name support for graphics (HO)
Package grffile Info: Option `multidot' is set to `true'.
Package grffile Info: Option `extendedchars' is set to `false'.
Package grffile Info: Option `space' is set to `true'.
Package grffile Info: \Gin@ii of package `graphicx' fixed on input line 486.
)
Package hyperref Info: Option `unicode' set `false' on input line 95.
Package hyperref Info: Option `pdftoolbar' set `true' on input line 95.
Package hyperref Info: Option `pdfmenubar' set `true' on input line 95.
Package hyperref Info: Option `pdffitwindow' set `false' on input line 95.
Package hyperref Info: Option `pdfnewwindow' set `true' on input line 95.


Package hyperref Warning: Option `pagebackref' has already been used,
(hyperref)                setting the option has no effect on input line 95.

Package hyperref Info: Option `colorlinks' set `true' on input line 95.
(/usr/local/texlive/2014/texmf-dist/tex/latex/listings/listings.sty
\lst@mode=\count201
\lst@gtempboxa=\box86
\lst@token=\toks31
Normal \count register pool exhausted, switching to extended pool.
\lst@length=\count277
\lst@currlwidth=\dimen269
\lst@column=\count278
\lst@pos=\count279
\lst@lostspace=\dimen270
\lst@width=\dimen271
\lst@newlines=\count280
\lst@lineno=\count281
\lst@maxwidth=\dimen272

(/usr/local/texlive/2014/texmf-dist/tex/latex/listings/lstmisc.sty
File: lstmisc.sty 2014/03/04 1.5c (Carsten Heinz)
\c@lstnumber=\count282
\lst@skipnumbers=\count283
\lst@framebox=\box87
)
(/usr/local/texlive/2014/texmf-dist/tex/latex/listings/listings.cfg
File: listings.cfg 2014/03/04 1.5c listings configuration
))
Package: listings 2014/03/04 1.5c (Carsten Heinz)

(/usr/local/texlive/2014/texmf-dist/tex/latex/listings/lstlang1.sty
File: lstlang1.sty 2014/03/04 1.5c listings language file
)
(/usr/local/texlive/2014/texmf-dist/tex/latex/listings/lstlang2.sty
File: lstlang2.sty 2014/03/04 1.5c listings language file
)
(/usr/local/texlive/2014/texmf-dist/tex/latex/listings/lstlang3.sty
File: lstlang3.sty 2014/03/04 1.5c listings language file
)

LaTeX Warning: Unused global option(s):
    [letter].

(./hw8.aux)
\openout1 = `hw8.aux'.

LaTeX Font Info:    Checking defaults for OML/cmm/m/it on input line 173.
LaTeX Font Info:    ... okay on input line 173.
LaTeX Font Info:    Checking defaults for T1/cmr/m/n on input line 173.
LaTeX Font Info:    ... okay on input line 173.
LaTeX Font Info:    Checking defaults for OT1/cmr/m/n on input line 173.
LaTeX Font Info:    ... okay on input line 173.
LaTeX Font Info:    Checking defaults for OMS/cmsy/m/n on input line 173.
LaTeX Font Info:    ... okay on input line 173.
LaTeX Font Info:    Checking defaults for OMX/cmex/m/n on input line 173.
LaTeX Font Info:    ... okay on input line 173.
LaTeX Font Info:    Checking defaults for U/cmr/m/n on input line 173.
LaTeX Font Info:    ... okay on input line 173.
LaTeX Font Info:    Checking defaults for PD1/pdf/m/n on input line 173.
LaTeX Font Info:    ... okay on input line 173.

*geometry* driver: auto-detecting
*geometry* detected driver: pdftex
*geometry* verbose mode - [ preamble ] result:
* driver: pdftex
* paper: a4paper
* layout: <same size as paper>
* layoutoffset:(h,v)=(0.0pt,0.0pt)
* modes: 
* h-part:(L,W,R)=(71.13188pt, 455.24411pt, 71.13188pt)
* v-part:(T,H,B)=(85.35826pt, 688.5567pt, 71.13188pt)
* \paperwidth=597.50787pt
* \paperheight=845.04684pt
* \textwidth=455.24411pt
* \textheight=688.5567pt
* \oddsidemargin=-1.1381pt
* \evensidemargin=-1.1381pt
* \topmargin=-23.91173pt
* \headheight=15.0pt
* \headsep=20.0pt
* \topskip=10.0pt
* \footskip=30.0pt
* \marginparwidth=65.0pt
* \marginparsep=11.0pt
* \columnsep=10.0pt
* \skip\footins=9.0pt plus 4.0pt minus 2.0pt
* \hoffset=0.0pt
* \voffset=0.0pt
* \mag=1000
* \@twocolumnfalse
* \@twosidefalse
* \@mparswitchfalse
* \@reversemarginfalse
* (1in=72.27pt=25.4mm, 1cm=28.453pt)

(/usr/local/texlive/2014/texmf-dist/tex/context/base/supp-pdf.mkii
[Loading MPS to PDF converter (version 2006.09.02).]
\scratchcounter=\count284
\scratchdimen=\dimen273
\scratchbox=\box88
\nofMPsegments=\count285
\nofMParguments=\count286
\everyMPshowfont=\toks32
\MPscratchCnt=\count287
\MPscratchDim=\dimen274
\MPnumerator=\count288
\makeMPintoPDFobject=\count289
\everyMPtoPDFconversion=\toks33
) (/usr/local/texlive/2014/texmf-dist/tex/latex/oberdiek/epstopdf-base.sty
Package: epstopdf-base 2010/02/09 v2.5 Base part for package epstopdf

(/usr/local/texlive/2014/texmf-dist/tex/latex/oberdiek/grfext.sty
Package: grfext 2010/08/19 v1.1 Manage graphics extensions (HO)
)
Package grfext Info: Graphics extension search list:
(grfext)             [.png,.pdf,.jpg,.mps,.jpeg,.jbig2,.jb2,.PNG,.PDF,.JPG,.JPE
G,.JBIG2,.JB2,.eps]
(grfext)             \AppendGraphicsExtensions on input line 452.

(/usr/local/texlive/2014/texmf-dist/tex/latex/latexconfig/epstopdf-sys.cfg
File: epstopdf-sys.cfg 2010/07/13 v1.3 Configuration of (r)epstopdf for TeX Liv
e
))
(/usr/local/texlive/2014/texmf-dist/tex/latex/beamer/translator/dicts/translato
r-basic-dictionary/translator-basic-dictionary-English.dict
Dictionary: translator-basic-dictionary, Language: English 
)
(/usr/local/texlive/2014/texmf-dist/tex/latex/siunitx/config/siunitx-abbreviati
ons.cfg
File: siunitx-abbreviations.cfg 2013/07/31 v2.5s siunitx: Abbreviated units
)
.................................................
. LaTeX info: "xparse/define-command"
. 
. Defining document command \of with arg. spec. '' on line 173.
.................................................
.................................................
. LaTeX info: "xparse/define-command"
. 
. Defining document command \highlight with arg. spec. '' on line 173.
.................................................
.................................................
. LaTeX info: "xparse/define-command"
. 
. Defining document command \per with arg. spec. '' on line 173.
.................................................
.................................................
. LaTeX info: "xparse/define-command"
. 
. Defining document command \raiseto with arg. spec. '' on line 173.
.................................................
.................................................
. LaTeX info: "xparse/define-command"
. 
. Defining document command \tothe with arg. spec. '' on line 173.
.................................................
.................................................
. LaTeX info: "xparse/define-command"
. 
. Defining document command \kilogram with arg. spec. '' on line 173.
.................................................
.................................................
. LaTeX info: "xparse/define-command"
. 
. Defining document command \metre with arg. spec. '' on line 173.
.................................................
.................................................
. LaTeX info: "xparse/define-command"
. 
. Defining document command \meter with arg. spec. '' on line 173.
.................................................
.................................................
. LaTeX info: "xparse/define-command"
. 
. Defining document command \mole with arg. spec. '' on line 173.
.................................................
.................................................
. LaTeX info: "xparse/define-command"
. 
. Defining document command \ampere with arg. spec. '' on line 173.
.................................................
.................................................
. LaTeX info: "xparse/define-command"
. 
. Defining document command \kelvin with arg. spec. '' on line 173.
.................................................
.................................................
. LaTeX info: "xparse/define-command"
. 
. Defining document command \candela with arg. spec. '' on line 173.
.................................................
.................................................
. LaTeX info: "xparse/define-command"
. 
. Defining document command \gram with arg. spec. '' on line 173.
.................................................
.................................................
. LaTeX info: "xparse/define-command"
. 
. Defining document command \yocto with arg. spec. '' on line 173.
.................................................
.................................................
. LaTeX info: "xparse/define-command"
. 
. Defining document command \zepto with arg. spec. '' on line 173.
.................................................
.................................................
. LaTeX info: "xparse/define-command"
. 
. Defining document command \atto with arg. spec. '' on line 173.
.................................................
.................................................
. LaTeX info: "xparse/define-command"
. 
. Defining document command \femto with arg. spec. '' on line 173.
.................................................
.................................................
. LaTeX info: "xparse/define-command"
. 
. Defining document command \pico with arg. spec. '' on line 173.
.................................................
.................................................
. LaTeX info: "xparse/define-command"
. 
. Defining document command \nano with arg. spec. '' on line 173.
.................................................
.................................................
. LaTeX info: "xparse/define-command"
. 
. Defining document command \micro with arg. spec. '' on line 173.
.................................................
.................................................
. LaTeX info: "xparse/define-command"
. 
. Defining document command \milli with arg. spec. '' on line 173.
.................................................
.................................................
. LaTeX info: "xparse/define-command"
. 
. Defining document command \centi with arg. spec. '' on line 173.
.................................................
.................................................
. LaTeX info: "xparse/define-command"
. 
. Defining document command \deci with arg. spec. '' on line 173.
.................................................
.................................................
. LaTeX info: "xparse/define-command"
. 
. Defining document command \deca with arg. spec. '' on line 173.
.................................................
.................................................
. LaTeX info: "xparse/define-command"
. 
. Defining document command \deka with arg. spec. '' on line 173.
.................................................
.................................................
. LaTeX info: "xparse/define-command"
. 
. Defining document command \hecto with arg. spec. '' on line 173.
.................................................
.................................................
. LaTeX info: "xparse/define-command"
. 
. Defining document command \kilo with arg. spec. '' on line 173.
.................................................
.................................................
. LaTeX info: "xparse/define-command"
. 
. Defining document command \mega with arg. spec. '' on line 173.
.................................................
.................................................
. LaTeX info: "xparse/define-command"
. 
. Defining document command \giga with arg. spec. '' on line 173.
.................................................
.................................................
. LaTeX info: "xparse/define-command"
. 
. Defining document command \tera with arg. spec. '' on line 173.
.................................................
.................................................
. LaTeX info: "xparse/define-command"
. 
. Defining document command \peta with arg. spec. '' on line 173.
.................................................
.................................................
. LaTeX info: "xparse/define-command"
. 
. Defining document command \exa with arg. spec. '' on line 173.
.................................................
.................................................
. LaTeX info: "xparse/define-command"
. 
. Defining document command \zetta with arg. spec. '' on line 173.
.................................................
.................................................
. LaTeX info: "xparse/define-command"
. 
. Defining document command \yotta with arg. spec. '' on line 173.
.................................................
.................................................
. LaTeX info: "xparse/define-command"
. 
. Defining document command \becquerel with arg. spec. '' on line 173.
.................................................
.................................................
. LaTeX info: "xparse/define-command"
. 
. Defining document command \celsius with arg. spec. '' on line 173.
.................................................
.................................................
. LaTeX info: "xparse/define-command"
. 
. Defining document command \degreeCelsius with arg. spec. '' on line 173.
.................................................
.................................................
. LaTeX info: "xparse/define-command"
. 
. Defining document command \coulomb with arg. spec. '' on line 173.
.................................................
.................................................
. LaTeX info: "xparse/define-command"
. 
. Defining document command \farad with arg. spec. '' on line 173.
.................................................
.................................................
. LaTeX info: "xparse/define-command"
. 
. Defining document command \gray with arg. spec. '' on line 173.
.................................................
.................................................
. LaTeX info: "xparse/define-command"
. 
. Defining document command \hertz with arg. spec. '' on line 173.
.................................................
.................................................
. LaTeX info: "xparse/define-command"
. 
. Defining document command \henry with arg. spec. '' on line 173.
.................................................
.................................................
. LaTeX info: "xparse/define-command"
. 
. Defining document command \joule with arg. spec. '' on line 173.
.................................................
.................................................
. LaTeX info: "xparse/define-command"
. 
. Defining document command \katal with arg. spec. '' on line 173.
.................................................
.................................................
. LaTeX info: "xparse/define-command"
. 
. Defining document command \lumen with arg. spec. '' on line 173.
.................................................
.................................................
. LaTeX info: "xparse/define-command"
. 
. Defining document command \lux with arg. spec. '' on line 173.
.................................................
.................................................
. LaTeX info: "xparse/define-command"
. 
. Defining document command \newton with arg. spec. '' on line 173.
.................................................
.................................................
. LaTeX info: "xparse/define-command"
. 
. Defining document command \ohm with arg. spec. '' on line 173.
.................................................
.................................................
. LaTeX info: "xparse/define-command"
. 
. Defining document command \pascal with arg. spec. '' on line 173.
.................................................
.................................................
. LaTeX info: "xparse/define-command"
. 
. Defining document command \radian with arg. spec. '' on line 173.
.................................................
.................................................
. LaTeX info: "xparse/define-command"
. 
. Defining document command \siemens with arg. spec. '' on line 173.
.................................................
.................................................
. LaTeX info: "xparse/define-command"
. 
. Defining document command \sievert with arg. spec. '' on line 173.
.................................................
.................................................
. LaTeX info: "xparse/define-command"
. 
. Defining document command \steradian with arg. spec. '' on line 173.
.................................................
.................................................
. LaTeX info: "xparse/define-command"
. 
. Defining document command \tesla with arg. spec. '' on line 173.
.................................................
.................................................
. LaTeX info: "xparse/define-command"
. 
. Defining document command \volt with arg. spec. '' on line 173.
.................................................
.................................................
. LaTeX info: "xparse/define-command"
. 
. Defining document command \watt with arg. spec. '' on line 173.
.................................................
.................................................
. LaTeX info: "xparse/define-command"
. 
. Defining document command \weber with arg. spec. '' on line 173.
.................................................
.................................................
. LaTeX info: "xparse/define-command"
. 
. Defining document command \arcmin with arg. spec. '' on line 173.
.................................................
.................................................
. LaTeX info: "xparse/define-command"
. 
. Defining document command \arcminute with arg. spec. '' on line 173.
.................................................
.................................................
. LaTeX info: "xparse/define-command"
. 
. Defining document command \arcsecond with arg. spec. '' on line 173.
.................................................
.................................................
. LaTeX info: "xparse/define-command"
. 
. Defining document command \degree with arg. spec. '' on line 173.
.................................................
.................................................
. LaTeX info: "xparse/define-command"
. 
. Defining document command \hectare with arg. spec. '' on line 173.
.................................................
.................................................
. LaTeX info: "xparse/define-command"
. 
. Defining document command \hour with arg. spec. '' on line 173.
.................................................
.................................................
. LaTeX info: "xparse/define-command"
. 
. Defining document command \litre with arg. spec. '' on line 173.
.................................................
.................................................
. LaTeX info: "xparse/define-command"
. 
. Defining document command \liter with arg. spec. '' on line 173.
.................................................
.................................................
. LaTeX info: "xparse/define-command"
. 
. Defining document command \minute with arg. spec. '' on line 173.
.................................................
.................................................
. LaTeX info: "xparse/define-command"
. 
. Defining document command \percent with arg. spec. '' on line 173.
.................................................
.................................................
. LaTeX info: "xparse/define-command"
. 
. Defining document command \tonne with arg. spec. '' on line 173.
.................................................
.................................................
. LaTeX info: "xparse/define-command"
. 
. Defining document command \astronomicalunit with arg. spec. '' on line 173.
.................................................
.................................................
. LaTeX info: "xparse/define-command"
. 
. Defining document command \atomicmassunit with arg. spec. '' on line 173.
.................................................
.................................................
. LaTeX info: "xparse/define-command"
. 
. Defining document command \electronvolt with arg. spec. '' on line 173.
.................................................
.................................................
. LaTeX info: "xparse/define-command"
. 
. Defining document command \dalton with arg. spec. '' on line 173.
.................................................
.................................................
. LaTeX info: "xparse/define-command"
. 
. Defining document command \clight with arg. spec. '' on line 173.
.................................................
.................................................
. LaTeX info: "xparse/define-command"
. 
. Defining document command \electronmass with arg. spec. '' on line 173.
.................................................
.................................................
. LaTeX info: "xparse/define-command"
. 
. Defining document command \planckbar with arg. spec. '' on line 173.
.................................................
.................................................
. LaTeX info: "xparse/define-command"
. 
. Defining document command \elementarycharge with arg. spec. '' on line 173.
.................................................
.................................................
. LaTeX info: "xparse/define-command"
. 
. Defining document command \bohr with arg. spec. '' on line 173.
.................................................
.................................................
. LaTeX info: "xparse/define-command"
. 
. Defining document command \hartree with arg. spec. '' on line 173.
.................................................
.................................................
. LaTeX info: "xparse/define-command"
. 
. Defining document command \angstrom with arg. spec. '' on line 173.
.................................................
.................................................
. LaTeX info: "xparse/define-command"
. 
. Defining document command \barn with arg. spec. '' on line 173.
.................................................
.................................................
. LaTeX info: "xparse/define-command"
. 
. Defining document command \bel with arg. spec. '' on line 173.
.................................................
.................................................
. LaTeX info: "xparse/define-command"
. 
. Defining document command \decibel with arg. spec. '' on line 173.
.................................................
.................................................
. LaTeX info: "xparse/define-command"
. 
. Defining document command \knot with arg. spec. '' on line 173.
.................................................
.................................................
. LaTeX info: "xparse/define-command"
. 
. Defining document command \mmHg with arg. spec. '' on line 173.
.................................................
.................................................
. LaTeX info: "xparse/define-command"
. 
. Defining document command \nauticalmile with arg. spec. '' on line 173.
.................................................
.................................................
. LaTeX info: "xparse/define-command"
. 
. Defining document command \neper with arg. spec. '' on line 173.
.................................................
.................................................
. LaTeX info: "xparse/define-command"
. 
. Defining document command \squared with arg. spec. '' on line 173.
.................................................
.................................................
. LaTeX info: "xparse/define-command"
. 
. Defining document command \cubic with arg. spec. '' on line 173.
.................................................
.................................................
. LaTeX info: "xparse/define-command"
. 
. Defining document command \cubed with arg. spec. '' on line 173.
.................................................
.................................................
. LaTeX info: "xparse/define-command"
. 
. Defining document command \Square with arg. spec. '' on line 173.
.................................................
.................................................
. LaTeX info: "xparse/define-command"
. 
. Defining document command \ssquare with arg. spec. '' on line 173.
.................................................
.................................................
. LaTeX info: "xparse/define-command"
. 
. Defining document command \BAR with arg. spec. '' on line 173.
.................................................
.................................................
. LaTeX info: "xparse/define-command"
. 
. Defining document command \bbar with arg. spec. '' on line 173.
.................................................
.................................................
. LaTeX info: "xparse/define-command"
. 
. Defining document command \Day with arg. spec. '' on line 173.
.................................................
.................................................
. LaTeX info: "xparse/define-command"
. 
. Defining document command \dday with arg. spec. '' on line 173.
.................................................
.................................................
. LaTeX info: "xparse/define-command"
. 
. Defining document command \Gray with arg. spec. '' on line 173.
.................................................
.................................................
. LaTeX info: "xparse/define-command"
. 
. Defining document command \ggray with arg. spec. '' on line 173.
.................................................
.................................................
. LaTeX info: "xparse/define-command"
. 
. Defining document command \atomicmass with arg. spec. '' on line 173.
.................................................
.................................................
. LaTeX info: "xparse/define-command"
. 
. Defining document command \arcsec with arg. spec. '' on line 173.
.................................................
.................................................
. LaTeX info: "xparse/define-command"
. 
. Defining document command \are with arg. spec. '' on line 173.
.................................................
.................................................
. LaTeX info: "xparse/define-command"
. 
. Defining document command \curie with arg. spec. '' on line 173.
.................................................
.................................................
. LaTeX info: "xparse/define-command"
. 
. Defining document command \gal with arg. spec. '' on line 173.
.................................................
.................................................
. LaTeX info: "xparse/define-command"
. 
. Defining document command \millibar with arg. spec. '' on line 173.
.................................................
.................................................
. LaTeX info: "xparse/define-command"
. 
. Defining document command \rad with arg. spec. '' on line 173.
.................................................
.................................................
. LaTeX info: "xparse/define-command"
. 
. Defining document command \rem with arg. spec. '' on line 173.
.................................................
.................................................
. LaTeX info: "xparse/define-command"
. 
. Defining document command \roentgen with arg. spec. '' on line 173.
.................................................
.................................................
. LaTeX info: "xparse/define-command"
. 
. Defining document command \micA with arg. spec. '' on line 173.
.................................................
.................................................
. LaTeX info: "xparse/define-command"
. 
. Defining document command \micmol with arg. spec. '' on line 173.
.................................................
.................................................
. LaTeX info: "xparse/define-command"
. 
. Defining document command \micl with arg. spec. '' on line 173.
.................................................
.................................................
. LaTeX info: "xparse/define-command"
. 
. Defining document command \micL with arg. spec. '' on line 173.
.................................................
.................................................
. LaTeX info: "xparse/define-command"
. 
. Defining document command \nanog with arg. spec. '' on line 173.
.................................................
.................................................
. LaTeX info: "xparse/define-command"
. 
. Defining document command \micg with arg. spec. '' on line 173.
.................................................
.................................................
. LaTeX info: "xparse/define-command"
. 
. Defining document command \picm with arg. spec. '' on line 173.
.................................................
.................................................
. LaTeX info: "xparse/define-command"
. 
. Defining document command \micm with arg. spec. '' on line 173.
.................................................
.................................................
. LaTeX info: "xparse/define-command"
. 
. Defining document command \Sec with arg. spec. '' on line 173.
.................................................
.................................................
. LaTeX info: "xparse/define-command"
. 
. Defining document command \mics with arg. spec. '' on line 173.
.................................................
.................................................
. LaTeX info: "xparse/define-command"
. 
. Defining document command \cmc with arg. spec. '' on line 173.
.................................................
.................................................
. LaTeX info: "xparse/define-command"
. 
. Defining document command \dmc with arg. spec. '' on line 173.
.................................................
.................................................
. LaTeX info: "xparse/define-command"
. 
. Defining document command \cms with arg. spec. '' on line 173.
.................................................
.................................................
. LaTeX info: "xparse/define-command"
. 
. Defining document command \centimetrecubed with arg. spec. '' on line 173.
.................................................
.................................................
. LaTeX info: "xparse/define-command"
. 
. Defining document command \centimetresquared with arg. spec. '' on line 173.
.................................................
.................................................
. LaTeX info: "xparse/define-command"
. 
. Defining document command \cubiccentimetre with arg. spec. '' on line 173.
.................................................
.................................................
. LaTeX info: "xparse/define-command"
. 
. Defining document command \cubicdecimetre with arg. spec. '' on line 173.
.................................................
.................................................
. LaTeX info: "xparse/define-command"
. 
. Defining document command \squarecentimetre with arg. spec. '' on line 173.
.................................................
.................................................
. LaTeX info: "xparse/define-command"
. 
. Defining document command \squaremetre with arg. spec. '' on line 173.
.................................................
.................................................
. LaTeX info: "xparse/define-command"
. 
. Defining document command \squarekilometre with arg. spec. '' on line 173.
.................................................
.................................................
. LaTeX info: "xparse/define-command"
. 
. Defining document command \parsec with arg. spec. '' on line 173.
.................................................
.................................................
. LaTeX info: "xparse/define-command"
. 
. Defining document command \lightyear with arg. spec. '' on line 173.
.................................................
.................................................
. LaTeX info: "xparse/define-command"
. 
. Defining document command \gmol with arg. spec. '' on line 173.
.................................................
.................................................
. LaTeX info: "xparse/define-command"
. 
. Defining document command \kgmol with arg. spec. '' on line 173.
.................................................
.................................................
. LaTeX info: "xparse/define-command"
. 
. Defining document command \lbmol with arg. spec. '' on line 173.
.................................................
.................................................
. LaTeX info: "xparse/define-command"
. 
. Defining document command \molar with arg. spec. '' on line 173.
.................................................
.................................................
. LaTeX info: "xparse/define-command"
. 
. Defining document command \Molar with arg. spec. '' on line 173.
.................................................
.................................................
. LaTeX info: "xparse/define-command"
. 
. Defining document command \torr with arg. spec. '' on line 173.
.................................................
.................................................
. LaTeX info: "xparse/define-command"
. 
. Defining document command \gon with arg. spec. '' on line 173.
.................................................
.................................................
. LaTeX info: "xparse/define-command"
. 
. Defining document command \micron with arg. spec. '' on line 173.
.................................................
.................................................
. LaTeX info: "xparse/define-command"
. 
. Defining document command \mrad with arg. spec. '' on line 173.
.................................................
.................................................
. LaTeX info: "xparse/define-command"
. 
. Defining document command \gauss with arg. spec. '' on line 173.
.................................................
.................................................
. LaTeX info: "xparse/define-command"
. 
. Defining document command \eVperc with arg. spec. '' on line 173.
.................................................
.................................................
. LaTeX info: "xparse/define-command"
. 
. Defining document command \nanobarn with arg. spec. '' on line 173.
.................................................
.................................................
. LaTeX info: "xparse/define-command"
. 
. Defining document command \picobarn with arg. spec. '' on line 173.
.................................................
.................................................
. LaTeX info: "xparse/define-command"
. 
. Defining document command \femtobarn with arg. spec. '' on line 173.
.................................................
.................................................
. LaTeX info: "xparse/define-command"
. 
. Defining document command \attobarn with arg. spec. '' on line 173.
.................................................
.................................................
. LaTeX info: "xparse/define-command"
. 
. Defining document command \zeptobarn with arg. spec. '' on line 173.
.................................................
.................................................
. LaTeX info: "xparse/define-command"
. 
. Defining document command \yoctobarn with arg. spec. '' on line 173.
.................................................
.................................................
. LaTeX info: "xparse/define-command"
. 
. Defining document command \nb with arg. spec. '' on line 173.
.................................................
.................................................
. LaTeX info: "xparse/define-command"
. 
. Defining document command \pb with arg. spec. '' on line 173.
.................................................
.................................................
. LaTeX info: "xparse/define-command"
. 
. Defining document command \fb with arg. spec. '' on line 173.
.................................................
.................................................
. LaTeX info: "xparse/define-command"
. 
. Defining document command \ab with arg. spec. '' on line 173.
.................................................
.................................................
. LaTeX info: "xparse/define-command"
. 
. Defining document command \zb with arg. spec. '' on line 173.
.................................................
.................................................
. LaTeX info: "xparse/define-command"
. 
. Defining document command \yb with arg. spec. '' on line 173.
.................................................
.................................................
. LaTeX info: "xparse/define-command"
. 
. Defining document command \A with arg. spec. '' on line 173.
.................................................
.................................................
. LaTeX info: "xparse/define-command"
. 
. Defining document command \pA with arg. spec. '' on line 173.
.................................................
.................................................
. LaTeX info: "xparse/define-command"
. 
. Defining document command \nA with arg. spec. '' on line 173.
.................................................
.................................................
. LaTeX info: "xparse/define-command"
. 
. Defining document command \uA with arg. spec. '' on line 173.
.................................................
.................................................
. LaTeX info: "xparse/define-command"
. 
. Defining document command \mA with arg. spec. '' on line 173.
.................................................
.................................................
. LaTeX info: "xparse/define-command"
. 
. Defining document command \kA with arg. spec. '' on line 173.
.................................................
.................................................
. LaTeX info: "xparse/define-command"
. 
. Defining document command \Hz with arg. spec. '' on line 173.
.................................................
.................................................
. LaTeX info: "xparse/define-command"
. 
. Defining document command \mHz with arg. spec. '' on line 173.
.................................................
.................................................
. LaTeX info: "xparse/define-command"
. 
. Defining document command \kHz with arg. spec. '' on line 173.
.................................................
.................................................
. LaTeX info: "xparse/define-command"
. 
. Defining document command \MHz with arg. spec. '' on line 173.
.................................................
.................................................
. LaTeX info: "xparse/define-command"
. 
. Defining document command \GHz with arg. spec. '' on line 173.
.................................................
.................................................
. LaTeX info: "xparse/define-command"
. 
. Defining document command \THz with arg. spec. '' on line 173.
.................................................
.................................................
. LaTeX info: "xparse/define-command"
. 
. Defining document command \mol with arg. spec. '' on line 173.
.................................................
.................................................
. LaTeX info: "xparse/define-command"
. 
. Defining document command \fmol with arg. spec. '' on line 173.
.................................................
.................................................
. LaTeX info: "xparse/define-command"
. 
. Defining document command \pmol with arg. spec. '' on line 173.
.................................................
.................................................
. LaTeX info: "xparse/define-command"
. 
. Defining document command \nmol with arg. spec. '' on line 173.
.................................................
.................................................
. LaTeX info: "xparse/define-command"
. 
. Defining document command \umol with arg. spec. '' on line 173.
.................................................
.................................................
. LaTeX info: "xparse/define-command"
. 
. Defining document command \mmol with arg. spec. '' on line 173.
.................................................
.................................................
. LaTeX info: "xparse/define-command"
. 
. Defining document command \kmol with arg. spec. '' on line 173.
.................................................
.................................................
. LaTeX info: "xparse/define-command"
. 
. Defining document command \V with arg. spec. '' on line 173.
.................................................
.................................................
. LaTeX info: "xparse/define-command"
. 
. Defining document command \pV with arg. spec. '' on line 173.
.................................................
.................................................
. LaTeX info: "xparse/define-command"
. 
. Defining document command \nV with arg. spec. '' on line 173.
.................................................
.................................................
. LaTeX info: "xparse/define-command"
. 
. Defining document command \uV with arg. spec. '' on line 173.
.................................................
.................................................
. LaTeX info: "xparse/define-command"
. 
. Defining document command \mV with arg. spec. '' on line 173.
.................................................
.................................................
. LaTeX info: "xparse/define-command"
. 
. Defining document command \kV with arg. spec. '' on line 173.
.................................................
.................................................
. LaTeX info: "xparse/define-command"
. 
. Defining document command \hl with arg. spec. '' on line 173.
.................................................
.................................................
. LaTeX info: "xparse/define-command"
. 
. Defining document command \ml with arg. spec. '' on line 173.
.................................................
.................................................
. LaTeX info: "xparse/define-command"
. 
. Defining document command \ul with arg. spec. '' on line 173.
.................................................
.................................................
. LaTeX info: "xparse/define-command"
. 
. Defining document command \hL with arg. spec. '' on line 173.
.................................................
.................................................
. LaTeX info: "xparse/define-command"
. 
. Defining document command \mL with arg. spec. '' on line 173.
.................................................
.................................................
. LaTeX info: "xparse/define-command"
. 
. Defining document command \uL with arg. spec. '' on line 173.
.................................................
.................................................
. LaTeX info: "xparse/define-command"
. 
. Defining document command \fg with arg. spec. '' on line 173.
.................................................
.................................................
. LaTeX info: "xparse/define-command"
. 
. Defining document command \pg with arg. spec. '' on line 173.
.................................................
.................................................
. LaTeX info: "xparse/define-command"
. 
. Defining document command \ug with arg. spec. '' on line 173.
.................................................
.................................................
. LaTeX info: "xparse/define-command"
. 
. Defining document command \mg with arg. spec. '' on line 173.
.................................................
.................................................
. LaTeX info: "xparse/define-command"
. 
. Defining document command \g with arg. spec. '' on line 173.
.................................................
.................................................
. LaTeX info: "xparse/define-command"
. 
. Defining document command \kg with arg. spec. '' on line 173.
.................................................
.................................................
. LaTeX info: "xparse/define-command"
. 
. Defining document command \amu with arg. spec. '' on line 173.
.................................................
.................................................
. LaTeX info: "xparse/define-command"
. 
. Defining document command \W with arg. spec. '' on line 173.
.................................................
.................................................
. LaTeX info: "xparse/define-command"
. 
. Defining document command \uW with arg. spec. '' on line 173.
.................................................
.................................................
. LaTeX info: "xparse/define-command"
. 
. Defining document command \mW with arg. spec. '' on line 173.
.................................................
.................................................
. LaTeX info: "xparse/define-command"
. 
. Defining document command \kW with arg. spec. '' on line 173.
.................................................
.................................................
. LaTeX info: "xparse/define-command"
. 
. Defining document command \MW with arg. spec. '' on line 173.
.................................................
.................................................
. LaTeX info: "xparse/define-command"
. 
. Defining document command \GW with arg. spec. '' on line 173.
.................................................
.................................................
. LaTeX info: "xparse/define-command"
. 
. Defining document command \J with arg. spec. '' on line 173.
.................................................
.................................................
. LaTeX info: "xparse/define-command"
. 
. Defining document command \kJ with arg. spec. '' on line 173.
.................................................
.................................................
. LaTeX info: "xparse/define-command"
. 
. Defining document command \eV with arg. spec. '' on line 173.
.................................................
.................................................
. LaTeX info: "xparse/define-command"
. 
. Defining document command \meV with arg. spec. '' on line 173.
.................................................
.................................................
. LaTeX info: "xparse/define-command"
. 
. Defining document command \keV with arg. spec. '' on line 173.
.................................................
.................................................
. LaTeX info: "xparse/define-command"
. 
. Defining document command \MeV with arg. spec. '' on line 173.
.................................................
.................................................
. LaTeX info: "xparse/define-command"
. 
. Defining document command \GeV with arg. spec. '' on line 173.
.................................................
.................................................
. LaTeX info: "xparse/define-command"
. 
. Defining document command \TeV with arg. spec. '' on line 173.
.................................................
.................................................
. LaTeX info: "xparse/define-command"
. 
. Defining document command \kWh with arg. spec. '' on line 173.
.................................................
.................................................
. LaTeX info: "xparse/define-command"
. 
. Defining document command \m with arg. spec. '' on line 173.
.................................................
.................................................
. LaTeX info: "xparse/define-command"
. 
. Defining document command \nm with arg. spec. '' on line 173.
.................................................
.................................................
. LaTeX info: "xparse/define-command"
. 
. Defining document command \um with arg. spec. '' on line 173.
.................................................
.................................................
. LaTeX info: "xparse/define-command"
. 
. Defining document command \mm with arg. spec. '' on line 173.
.................................................
.................................................
. LaTeX info: "xparse/define-command"
. 
. Defining document command \cm with arg. spec. '' on line 173.
.................................................
.................................................
. LaTeX info: "xparse/define-command"
. 
. Defining document command \dm with arg. spec. '' on line 173.
.................................................
.................................................
. LaTeX info: "xparse/define-command"
. 
. Defining document command \km with arg. spec. '' on line 173.
.................................................
.................................................
. LaTeX info: "xparse/define-command"
. 
. Defining document command \K with arg. spec. '' on line 173.
.................................................
.................................................
. LaTeX info: "xparse/define-command"
. 
. Defining document command \dB with arg. spec. '' on line 173.
.................................................
.................................................
. LaTeX info: "xparse/define-command"
. 
. Defining document command \F with arg. spec. '' on line 173.
.................................................
.................................................
. LaTeX info: "xparse/define-command"
. 
. Defining document command \fF with arg. spec. '' on line 173.
.................................................
.................................................
. LaTeX info: "xparse/define-command"
. 
. Defining document command \pF with arg. spec. '' on line 173.
.................................................
.................................................
. LaTeX info: "xparse/define-command"
. 
. Defining document command \N with arg. spec. '' on line 173.
.................................................
.................................................
. LaTeX info: "xparse/define-command"
. 
. Defining document command \mN with arg. spec. '' on line 173.
.................................................
.................................................
. LaTeX info: "xparse/define-command"
. 
. Defining document command \kN with arg. spec. '' on line 173.
.................................................
.................................................
. LaTeX info: "xparse/define-command"
. 
. Defining document command \MN with arg. spec. '' on line 173.
.................................................
.................................................
. LaTeX info: "xparse/define-command"
. 
. Defining document command \Pa with arg. spec. '' on line 173.
.................................................
.................................................
. LaTeX info: "xparse/define-command"
. 
. Defining document command \kPa with arg. spec. '' on line 173.
.................................................
.................................................
. LaTeX info: "xparse/define-command"
. 
. Defining document command \MPa with arg. spec. '' on line 173.
.................................................
.................................................
. LaTeX info: "xparse/define-command"
. 
. Defining document command \GPa with arg. spec. '' on line 173.
.................................................
.................................................
. LaTeX info: "xparse/define-command"
. 
. Defining document command \mohm with arg. spec. '' on line 173.
.................................................
.................................................
. LaTeX info: "xparse/define-command"
. 
. Defining document command \kohm with arg. spec. '' on line 173.
.................................................
.................................................
. LaTeX info: "xparse/define-command"
. 
. Defining document command \Mohm with arg. spec. '' on line 173.
.................................................
.................................................
. LaTeX info: "xparse/define-command"
. 
. Defining document command \s with arg. spec. '' on line 173.
.................................................
.................................................
. LaTeX info: "xparse/define-command"
. 
. Defining document command \as with arg. spec. '' on line 173.
.................................................
.................................................
. LaTeX info: "xparse/define-command"
. 
. Defining document command \fs with arg. spec. '' on line 173.
.................................................
.................................................
. LaTeX info: "xparse/define-command"
. 
. Defining document command \ps with arg. spec. '' on line 173.
.................................................
.................................................
. LaTeX info: "xparse/define-command"
. 
. Defining document command \ns with arg. spec. '' on line 173.
.................................................
.................................................
. LaTeX info: "xparse/define-command"
. 
. Defining document command \us with arg. spec. '' on line 173.
.................................................
.................................................
. LaTeX info: "xparse/define-command"
. 
. Defining document command \ms with arg. spec. '' on line 173.
.................................................
Package caption Info: Begin \AtBeginDocument code.
Package caption Info: subfig package v1.3 is loaded.
Package caption Info: hyperref package is loaded.
Package caption Info: listings package is loaded.
Package caption Info: End \AtBeginDocument code.
\AtBeginShipoutBox=\box89
Package hyperref Info: Link coloring ON on input line 173.
 (/usr/local/texlive/2014/texmf-dist/tex/latex/hyperref/nameref.sty
Package: nameref 2012/10/27 v2.43 Cross-referencing by name of section

(/usr/local/texlive/2014/texmf-dist/tex/generic/oberdiek/gettitlestring.sty
Package: gettitlestring 2010/12/03 v1.4 Cleanup title references (HO)
)
\c@section@level=\count290
)
LaTeX Info: Redefining \ref on input line 173.
LaTeX Info: Redefining \pageref on input line 173.
LaTeX Info: Redefining \nameref on input line 173.

(./hw8.out) (./hw8.out)
\@outlinefile=\write3
\openout3 = `hw8.out'.

\c@lstlisting=\count291
\c__siunitx_mathsf_int=\count292
LaTeX Font Info:    Try loading font information for U+msa on input line 173.

(/usr/local/texlive/2014/texmf-dist/tex/latex/amsfonts/umsa.fd
File: umsa.fd 2013/01/14 v3.01 AMS symbols A
)
LaTeX Font Info:    Try loading font information for U+msb on input line 173.

(/usr/local/texlive/2014/texmf-dist/tex/latex/amsfonts/umsb.fd
File: umsb.fd 2013/01/14 v3.01 AMS symbols B
)
\c__siunitx_mathtt_int=\count293
LaTeX Font Info:    Try loading font information for OMS+cmr on input line 178.


(/usr/local/texlive/2014/texmf-dist/tex/latex/base/omscmr.fd
File: omscmr.fd 1999/05/25 v2.5h Standard LaTeX font definitions
)
LaTeX Font Info:    Font shape `OMS/cmr/m/n' in size <10> not available
(Font)              Font shape `OMS/cmsy/m/n' tried instead on input line 178.
 [1{/usr/local/texlive/2014/texmf-var/fonts/map/pdftex/updmap/pdftex.map}

]
Package atveryend Info: Empty hook `BeforeClearDocument' on input line 210.
Package atveryend Info: Empty hook `AfterLastShipout' on input line 210.
 (./hw8.aux)
Package atveryend Info: Executing hook `AtVeryEndDocument' on input line 210.
Package atveryend Info: Executing hook `AtEndAfterFileList' on input line 210.
Package rerunfilecheck Info: File `hw8.out' has not changed.
(rerunfilecheck)             Checksum: D41D8CD98F00B204E9800998ECF8427E;0.
Package atveryend Info: Empty hook `AtVeryVeryEnd' on input line 210.
 ) 
Here is how much of TeX's memory you used:
 19871 strings out of 493117
 378471 string characters out of 6135433
 474417 words of memory out of 5000000
 23119 multiletter control sequences out of 15000+600000
 7056 words of font info for 29 fonts, out of 8000000 for 9000
 1141 hyphenation exceptions out of 8191
 42i,11n,54p,10380b,842s stack positions out of 5000i,500n,10000p,200000b,80000s
</usr/local/texlive/2014/texmf-dist/fonts/type1/public/amsfonts/cm/cmbx10.pfb
></usr/local/texlive/2014/texmf-dist/fonts/type1/public/amsfonts/cm/cmmi7.pfb><
/usr/local/texlive/2014/texmf-dist/fonts/type1/public/amsfonts/cm/cmr10.pfb></u
sr/local/texlive/2014/texmf-dist/fonts/type1/public/amsfonts/cm/cmsy10.pfb></us
r/local/texlive/2014/texmf-dist/fonts/type1/public/amsfonts/cm/cmtt10.pfb>
Output written on hw8.pdf (1 page, 65266 bytes).
PDF statistics:
 33 PDF objects out of 1000 (max. 8388607)
 24 compressed objects within 1 object stream
 2 named destinations out of 1000 (max. 500000)
 1 words of extra memory for PDF output out of 10000 (max. 10000000)

